<?xml version="1.0" encoding="UTF-8"?>
<testsuite xmlns:xsi="http://www.w3.org/2001/XMLSchema-instance" xsi:noNamespaceSchemaLocation="https://maven.apache.org/surefire/maven-surefire-plugin/xsd/surefire-test-report.xsd" version="3.0.2" name="com.magicdeaks.heatcapacity.FileWriteTest" time="0.258" tests="11" errors="0" skipped="0" failures="0">
  <properties>
[...]
</properties>
  <testcase name="readAndWriteSessionMidTModel" classname="com.magicdeaks.heatcapacity.FileWriteTest" time="0.069">
    <system-out><![CDATA[SESSION written to tmp/midModelTest.wtf
Loaded SESSION: tmp/midModelTest.wtf
]]></system-out>
  </testcase>
  <testcase name="readAndWriteSessionThermFunc" classname="com.magicdeaks.heatcapacity.FileWriteTest" time="0.042">
    <system-out><![CDATA[SESSION written to tmp/thermFuncTest.wtf
Loaded SESSION: tmp/thermFuncTest.wtf
]]></system-out>
  </testcase>
  <testcase name="readAndWriteSessionMidTSelect" classname="com.magicdeaks.heatcapacity.FileWriteTest" time="0.006">
    <system-out><![CDATA[SESSION written to tmp/midTSelectTest.wtf
Loaded SESSION: tmp/midTSelectTest.wtf
]]></system-out>
  </testcase>
  <testcase name="readAndWriteSessionMW" classname="com.magicdeaks.heatcapacity.FileWriteTest" time="0.005">
    <system-out><![CDATA[SESSION written to tmp/mwTest.wtf
Loaded SESSION: tmp/mwTest.wtf
]]></system-out>
  </testcase>
  <testcase name="readAndWriteSessionLowTFit" classname="com.magicdeaks.heatcapacity.FileWriteTest" time="0.014">
    <system-out><![CDATA[SESSION written to tmp/lowFitTest.wtf
Loaded SESSION: tmp/lowFitTest.wtf
]]></system-out>
  </testcase>
  <testcase name="readAndWriteSessionHighTFit" classname="com.magicdeaks.heatcapacity.FileWriteTest" time="0.008">
    <system-out><![CDATA[SESSION written to tmp/highFitTest.wtf
Loaded SESSION: tmp/highFitTest.wtf
]]></system-out>
  </testcase>
  <testcase name="readAndWriteSessionRawData" classname="com.magicdeaks.heatcapacity.FileWriteTest" time="0.025">
    <system-out><![CDATA[SESSION written to tmp/rawDataTest.wtf
Loaded SESSION: tmp/rawDataTest.wtf
]]></system-out>
  </testcase>
  <testcase name="readAndWriteSessionMidTFit" classname="com.magicdeaks.heatcapacity.FileWriteTest" time="0.007">
    <system-out><![CDATA[SESSION written to tmp/midFitTest.wtf
Loaded SESSION: tmp/midFitTest.wtf
]]></system-out>
  </testcase>
  <testcase name="readAndWriteSessionHighTModel" classname="com.magicdeaks.heatcapacity.FileWriteTest" time="0.017">
    <system-out><![CDATA[SESSION written to tmp/highModelTest.wtf
Loaded SESSION: tmp/highModelTest.wtf
]]></system-out>
  </testcase>
  <testcase name="readAndWriteSessionLowTModel" classname="com.magicdeaks.heatcapacity.FileWriteTest" time="0.014">
    <system-out><![CDATA[SESSION written to tmp/lowModelTest.wtf
Loaded SESSION: tmp/lowModelTest.wtf
]]></system-out>
  </testcase>
  <testcase name="readAndWriteSessionAtoms" classname="com.magicdeaks.heatcapacity.FileWriteTest" time="0.007">
    <system-out><![CDATA[SESSION written to tmp/atomsTest.wtf
Loaded SESSION: tmp/atomsTest.wtf
]]></system-out>
  </testcase>
</testsuite>